<?xml version="1.0" encoding="UTF-8"?>
<!-- Generated by org.testng.reporters.JUnitXMLReporter -->
<testsuite ignored="0" hostname="LAPTOP-T983AE9O" failures="0" tests="3" name="Surefire test" time="13.14" errors="0" timestamp="2026-04-07T10:54:41 IST">
  <testcase classname="api.APITest" name="getUsers" time="1.333"/>
  <testcase classname="tests.DashboardTest" name="testDashboard" time="0.005"/>
  <testcase classname="tests.LoginTest" name="testGoogle" time="4.645"/>
</testsuite> <!-- Surefire test -->
