<?xml version="1.0" encoding="UTF-8"?>
<testng-results ignored="0" total="3" passed="3" failed="0" skipped="0">
  <reporter-output>
  </reporter-output>
  <suite started-at="2026-04-07T10:54:28 IST" name="Surefire suite" finished-at="2026-04-07T10:54:41 IST" duration-ms="13140">
    <groups>
    </groups>
    <test started-at="2026-04-07T10:54:28 IST" name="Surefire test" finished-at="2026-04-07T10:54:41 IST" duration-ms="13140">
      <class name="tests.LoginTest">
        <test-method signature="testGoogle()[pri:0, instance:tests.LoginTest@147ed70f]" started-at="2026-04-07T10:54:37 IST" name="testGoogle" finished-at="2026-04-07T10:54:41 IST" duration-ms="4645" status="PASS">
          <reporter-output>
          </reporter-output>
        </test-method> <!-- testGoogle -->
      </class> <!-- tests.LoginTest -->
      <class name="api.APITest">
        <test-method signature="getUsers()[pri:0, instance:api.APITest@add0edd]" started-at="2026-04-07T10:54:28 IST" name="getUsers" finished-at="2026-04-07T10:54:29 IST" duration-ms="1333" status="PASS">
          <reporter-output>
          </reporter-output>
        </test-method> <!-- getUsers -->
      </class> <!-- api.APITest -->
      <class name="tests.DashboardTest">
        <test-method is-config="true" signature="setup()[pri:0, instance:tests.DashboardTest@4278a03f]" started-at="2026-04-07T10:54:29 IST" name="setup" finished-at="2026-04-07T10:54:37 IST" duration-ms="7041" status="PASS">
          <reporter-output>
          </reporter-output>
        </test-method> <!-- setup -->
        <test-method signature="testDashboard()[pri:0, instance:tests.DashboardTest@4278a03f]" started-at="2026-04-07T10:54:37 IST" name="testDashboard" finished-at="2026-04-07T10:54:37 IST" duration-ms="5" status="PASS">
          <reporter-output>
          </reporter-output>
        </test-method> <!-- testDashboard -->
        <test-method is-config="true" signature="tearDown()[pri:0, instance:tests.DashboardTest@4278a03f]" started-at="2026-04-07T10:54:37 IST" name="tearDown" finished-at="2026-04-07T10:54:37 IST" duration-ms="92" status="PASS">
          <reporter-output>
          </reporter-output>
        </test-method> <!-- tearDown -->
      </class> <!-- tests.DashboardTest -->
    </test> <!-- Surefire test -->
  </suite> <!-- Surefire suite -->
</testng-results>
