<?xml version="1.0" encoding="UTF-8"?>
<testsuite xmlns:xsi="http://www.w3.org/2001/XMLSchema-instance" xsi:noNamespaceSchemaLocation="https://maven.apache.org/surefire/maven-surefire-plugin/xsd/surefire-test-report-3.0.xsd" version="3.0" name="TestSuite" time="13.435" tests="3" errors="0" skipped="0" failures="0">
  <properties>
[...]
</properties>
  <testcase name="getUsers" classname="api.APITest" time="1.335">
    <system-out><![CDATA[API Test Passed
]]></system-out>
    <system-err><![CDATA[SLF4J: Failed to load class "org.slf4j.impl.StaticLoggerBinder".
SLF4J: Defaulting to no-operation (NOP) logger implementation
SLF4J: See http://www.slf4j.org/codes.html#StaticLoggerBinder for further details.
]]></system-err>
  </testcase>
  <testcase name="testDashboard" classname="tests.DashboardTest" time="0.018">
    <system-out><![CDATA[Title: 
]]></system-out>
  </testcase>
  <testcase name="testGoogle" classname="tests.LoginTest" time="4.645">
    <system-out><![CDATA[Page Title: Google
]]></system-out>
  </testcase>
</testsuite>